 415145040
 415145041
 .111111111..........
 ..11111111..........
 ...1111111..........
 ....111111..........
 .....11111..........
 ......1111..........
 .......111..........
 ........11..........
 .........1..........
 ....................
 ...........111111111
 ............11111111
 .............1111111
 ..............111111
 ...............11111
 ................1111
 .................111
 ..................11
 ...................1
 ....................
 415145041

2276 statements executed in 0.33 seconds cpu time.
