1
2
1
2
2
1
1
3
1
3
<a>::=1|2|3
2
22
32322221321
232
323221323
33113
132211
331232
1122323
22313
323
2312113
23213
331
13232
3231231
231231
2312233
1322
1313331
31231213313333222223
21121212133
121323323132321311311232211213121123131331333123232321223233
13112331123321121121222
133123
23323332112312
323323
2322111
1311222122
11111
221112
312322123
2112
12222
332233
32222
11122
1111311
323332
33322222
3321
11222
312323
33312123
21133
323123
3223233
133222
122123323332323
22313233
2322113131333332232313221221223
32113
322
2333131
1221233231131123
1221
3313212131
322212
312311331133233323
132133331
12113131123121111112111311331
21333222
122222
13332232
21221321233
21131332312113212132321
131112113123
3113
11113121231
1321321
3311332
12123122123
1313
212321222312333312
32213
133
2131212333232121211
221221132212
212321132121223332121122133211113121323323
11123312212113
33313332112
1222122131313323232
2323111
2232132311
123223
21231
131112232
3211112
313112122112
3113322
3212323
32222
12211
11121
1313323112
222
113
2122
33332
32133
321131211132
313323
2123113332213323332
13112
33133
