mkdir fromdec
cd fromdec; arff mxf /dev/uu0; rm -f d[lmq]* cs* *boo.* boot.exe vmb.exe;  flcopy -t3 -f /dev/uu0; arff mcrf /dev/uu0 *
x - anyboo.cmd
x - basic.cpu
x - bitfld.cpu
x - boot
x - cm.cpu
x - code00.cmd
x - code01.cmd
x - code02.cmd
x - code03.cmd
x - consle.cpu
x - consol.exe
x - copy
x - crash
x - defboo.cmd
x - defboo.hk
x - defboo.ra
x - defboo.rb
x - defboo.up
x - drtest
x - exer27.cpu
x - format
x - fp.cpu
x - fpsp.cpu
x - hkmboo.cmd
x - hksboo.cmd
x - idc.cpu
x - irdfpa.cpu
x - mmie.cpu
x - power.cmd
x - power.cpu
x - queue.cpu
x - ramboo.cmd
x - rasboo.cmd
x - rbmboo.cmd
x - rbsboo.cmd
x - restar.cmd
x - upmboo.cmd
x - upsboo.cmd
Change Floppy, Hit return when done.
a - basic.cpu
a - bitfld.cpu
a - boot
a - cm.cpu
a - code00.cmd
a - code01.cmd
a - code02.cmd
a - code03.cmd
a - consle.cpu
a - consol.exe
a - copy
a - crash
a - drtest
a - exer27.cpu
a - floppy
a - format
a - fp.cpu
a - fpsp.cpu
a - idc.cpu
a - irdfpa.cpu
a - mmie.cpu
a - power.cmd
a - power.cpu
a - queue.cpu
a - restar.cmd
rm -rf fromdec
cp boot.730 boot
cp format.730 format
cp copy.730 copy
cp drtest.730 drtest
arff mrf /dev/uu0 boot defboo.cmd anyboo.cmd restar.cmd defboo.rb defboo.rl defboo.hk defboo.up defboo.ra rbmboo.cmd rbsboo.cmd rlsboo.cmd hkmboo.cmd hksboo.cmd  upmboo.cmd upsboo.cmd ramboo.cmd rasboo.cmd format copy drtest
copy will not fit in currently used file on floppy
arff: copy not found
r - boot
a - defboo.cmd
a - anyboo.cmd
r - restar.cmd
a - defboo.rb
a - defboo.rl
a - defboo.hk
a - defboo.up
a - defboo.ra
a - rbmboo.cmd
a - rbsboo.cmd
a - rlsboo.cmd
a - hkmboo.cmd
a - hksboo.cmd
a - upmboo.cmd
a - upsboo.cmd
a - ramboo.cmd
a - rasboo.cmd
r - format
r - drtest
*** Error code 1

Stop.
