bill $0 24x79 won Thu Oct 16 03:14:49 1980
mark $475 22x77 bonus Mon Oct 20 11:32:04 1980
mark $500 22x77 won Mon Oct 20 11:32:15 1980
cary $75 22x77 eaten Mon Oct 20 13:23:45 1980
cary $100 22x77 eaten Mon Oct 20 13:24:34 1980
cary $125 22x77 eaten Mon Oct 20 13:25:40 1980
cary $3000 22x77 won Mon Oct 20 13:27:27 1980
cary $50 22x77 won Mon Oct 20 13:31:08 1980
cary $150 22x77 eaten Mon Oct 20 13:31:42 1980
mark $50 24x79 won Thu Oct 30 16:17:41 1980
bugs $0 22x77 won Thu Jul  2 02:44:38 1981
bugs $0 22x77 won Thu Jul  2 02:45:33 1981
jkf $75 22x77 eaten Sat Jul  4 14:16:02 1981
jkf $175 22x77 eaten Sat Jul  4 14:17:00 1981
jkf $125 22x77 eaten Sat Jul  4 14:18:58 1981
jkf $0 22x77 won Sat Jul  4 14:19:38 1981
jkf $175 22x77 eaten Sat Jul  4 14:22:47 1981
glickman $26 20x20 won Sun Jul  5 17:22:47 1981
porcarj $150 22x77 eaten Sun Jul  5 20:58:05 1981
porcarj $250 22x77 eaten Sun Jul  5 21:00:16 1981
glickman $26 20x20 won Sat Jul 11 15:11:26 1981
mckusick $0 22x77 won Tue Jul 14 13:52:59 1981
peter $78 20x20 eaten Fri Jul 24 15:27:11 1981
fateman $52 20x20 eaten Wed Jul 29 15:58:48 1981
glickman $52 20x20 eaten Tue Aug 11 20:47:07 1981
mckusick $0 22x77 eaten Thu Aug 13 18:24:45 1981
mckusick $25 22x77 won Thu Aug 13 18:26:44 1981
mckusick $225 22x77 eaten Thu Aug 13 18:40:19 1981
erics $25 22x77 won Mon Aug 17 14:13:25 1981
mark $273 22x77 eaten Tue Aug 25 08:12:24 1981
mark $175 22x77 eaten Tue Aug 25 08:20:37 1981
mark $275 22x77 won Tue Aug 25 08:21:52 1981
fabry $300 22x77 bonus Tue Sep  8 12:51:22 1981
fabry $400 22x77 eaten Tue Sep  8 12:53:22 1981
lou $0 22x77 won Sun Sep 27 03:05:34 1981
lou $100 22x77 eaten Sun Sep 27 03:08:10 1981
lou $25 22x77 won Sun Sep 27 03:09:50 1981
lou $0 22x77 quit Sun Sep 27 03:10:45 1981
lou $0 22x77 quit Sun Sep 27 03:13:19 1981
lou $0 22x77 quit Sun Sep 27 03:14:40 1981
comay $175 22x77 eaten Wed Oct  7 22:12:17 1981
comay $250 22x77 won Sat Oct 17 00:31:12 1981
ecc $125 22x77 eaten Wed Oct 21 12:34:06 1981
glickman $50 22x77 bonus Wed Oct 28 17:10:08 1981
glickman $125 22x77 bonus Wed Oct 28 17:12:59 1981
glickman $125 22x77 eaten Wed Oct 28 17:13:13 1981
feldman $375 22x77 won Thu Oct 29 13:51:27 1981
feldman $175 22x77 eaten Thu Oct 29 13:56:12 1981
feldman $276 22x77 eaten Thu Oct 29 13:57:49 1981
feldman $350 22x77 won Thu Oct 29 13:59:05 1981
terry $50 22x77 eaten Sun Nov  1 15:43:08 1981
terry $838 22x77 won Sun Nov  1 15:47:43 1981
feldman $125 22x77 eaten Tue Nov  3 13:33:33 1981
feldman $100 22x77 eaten Tue Nov  3 13:33:48 1981
feldman $175 22x77 eaten Tue Nov  3 13:34:21 1981
feldman $203 22x77 eaten Tue Nov  3 13:35:19 1981
terry $225 22x77 eaten Tue Nov  3 16:19:59 1981
terry $746 22x77 eaten Tue Nov  3 16:25:55 1981
feldman $316 22x77 won Thu Nov  5 13:06:57 1981
feldman $204 22x77 eaten Thu Nov  5 13:27:31 1981
feldman $431 22x77 bonus Thu Nov  5 13:30:18 1981
feldman $568 22x77 won Thu Nov  5 13:33:21 1981
terry $646 22x77 eaten Thu Nov  5 20:27:32 1981
terry $50 22x77 eaten Thu Nov  5 20:59:08 1981
terry $708 22x77 eaten Thu Nov  5 21:02:23 1981
glickman $0 22x77 won Sat Nov  7 19:23:01 1981
glickman $350 22x77 eaten Sat Nov  7 19:25:18 1981
arnold $225 22x77 eaten Sun Nov  8 22:08:41 1981
arnold $150 22x77 eaten Sun Nov  8 22:09:56 1981
arnold $200 22x77 won Sun Nov  8 22:11:38 1981
arnold $538 22x77 eaten Sun Nov  8 22:18:32 1981
arnold $125 22x77 eaten Sun Nov  8 22:18:56 1981
arnold $275 22x77 eaten Sun Nov  8 22:20:47 1981
arnold $550 22x77 eaten Sun Nov  8 22:25:08 1981
arnold $50 22x77 eaten Sun Nov  8 22:25:34 1981
arnold $125 22x77 bonus Sun Nov  8 22:26:12 1981
arnold $225 22x77 eaten Sun Nov  8 22:27:08 1981
terry $400 22x77 eaten Mon Nov  9 20:18:14 1981
terry $591 22x77 eaten Mon Nov  9 20:20:19 1981
terry $350 22x77 eaten Mon Nov  9 20:21:17 1981
terry $250 22x77 eaten Mon Nov  9 20:22:15 1981
terry $0 22x77 eaten Mon Nov  9 20:22:22 1981
terry $125 22x77 bonus Mon Nov  9 20:22:47 1981
terry $555 22x77 eaten Mon Nov  9 20:25:41 1981
olson $25 22x77 won Sat Nov 14 21:25:24 1981
olson $150 22x77 eaten Sat Nov 14 21:26:54 1981
olson $100 22x77 eaten Sat Nov 14 21:27:52 1981
olson $75 22x77 won Sat Nov 14 21:29:22 1981
olson $200 22x77 eaten Sat Nov 14 21:31:11 1981
olson $400 22x77 eaten Sat Nov 14 21:33:43 1981
olson $100 22x77 eaten Sat Nov 14 21:34:20 1981
olson $500 22x77 eaten Sat Nov 14 21:37:36 1981
olson $100 22x77 eaten Sat Nov 14 21:38:26 1981
olson $200 22x77 eaten Sat Nov 14 21:39:35 1981
olson $550 22x77 eaten Sat Nov 14 21:43:28 1981
olson $150 22x77 eaten Sat Nov 14 21:44:14 1981
olson $325 22x77 eaten Sat Nov 14 21:47:18 1981
olson $75 22x77 eaten Sat Nov 14 21:47:55 1981
terry $408 22x77 eaten Thu Nov 19 20:14:22 1981
terry $100 22x77 eaten Thu Nov 19 20:14:40 1981
terry $375 22x77 eaten Thu Nov 19 20:16:13 1981
terry $400 22x77 eaten Thu Nov 19 20:17:21 1981
fabry $100 22x77 eaten Sun Nov 22 10:56:19 1981
fabry $0 22x77 won Sun Nov 22 10:56:44 1981
fabry $200 22x77 eaten Thu Nov 26 17:42:33 1981
fabry $75 22x77 eaten Thu Nov 26 17:44:00 1981
fabry $125 22x77 eaten Thu Nov 26 17:47:10 1981
fabry $25 22x77 won Thu Nov 26 17:48:16 1981
fabry $175 22x77 eaten Thu Nov 26 17:51:36 1981
fabry $125 22x77 eaten Thu Nov 26 17:53:12 1981
fabry $300 22x77 won Thu Nov 26 17:58:50 1981
fabry $75 22x77 eaten Thu Nov 26 18:00:48 1981
fabry $275 22x77 eaten Thu Nov 26 18:07:05 1981
mckusick $188 22x77 eaten Fri Nov 27 19:50:49 1981
porcarj $583 22x77 eaten Fri Nov 27 21:31:03 1981
porcarj $747 22x77 eaten Fri Nov 27 21:43:25 1981
eric $200 22x77 eaten Sat Nov 28 19:25:06 1981
eric $125 22x77 eaten Sat Nov 28 19:27:57 1981
eric $400 22x77 eaten Sat Nov 28 19:33:07 1981
fabry $75 22x77 eaten Sun Nov 29 16:40:22 1981
fabry $225 22x77 eaten Sun Nov 29 16:44:53 1981
fabry $150 22x77 bonus Sun Nov 29 16:50:44 1981
fabry $200 22x77 won Sun Nov 29 16:52:26 1981
comay $75 22x77 eaten Fri Dec  4 23:37:19 1981
lou $250 22x77 eaten Sat Dec  5 10:07:21 1981
arnold $25 22x77 won Thu Dec 31 18:52:23 1981
terry $503 22x77 eaten Mon Jan 11 20:40:26 1982
terry $440 22x77 eaten Mon Jan 11 20:42:28 1982
marion $75 22x77 eaten Sat Jan 16 18:09:33 1982
marion $148 22x77 bonus Sat Jan 16 18:15:21 1982
marion $170 22x77 bonus Sat Jan 16 18:19:19 1982
marion $170 22x77 won Sat Jan 16 18:19:41 1982
feldman $12 62x82 won Mon Jan 18 16:01:13 1982
feldman $84 62x82 eaten Mon Jan 18 16:03:25 1982
feldman $96 62x82 eaten Mon Jan 18 16:05:34 1982
feldman $60 62x82 eaten Mon Jan 18 16:07:03 1982
feldman $120 62x82 bonus Mon Jan 18 16:09:03 1982
feldman $120 62x82 eaten Mon Jan 18 16:09:19 1982
feldman $60 62x82 eaten Mon Jan 18 16:11:13 1982
ecc $250 22x77 won Mon Jan 18 16:13:14 1982
feldman $204 62x82 eaten Mon Jan 18 16:15:30 1982
feldman $132 62x82 eaten Mon Jan 18 16:18:31 1982
feldman $168 62x82 eaten Mon Jan 18 16:22:23 1982
feldman $108 62x82 eaten Mon Jan 18 16:24:49 1982
feldman $120 62x82 won Mon Jan 18 16:27:27 1982
feldman $132 62x82 eaten Mon Jan 18 16:29:39 1982
feldman $149 62x82 eaten Mon Jan 18 16:33:02 1982
feldman $84 62x82 eaten Mon Jan 18 16:34:25 1982
feldman $48 62x82 eaten Mon Jan 18 16:35:00 1982
feldman $216 62x82 eaten Mon Jan 18 16:38:35 1982
feldman $96 62x82 eaten Mon Jan 18 16:39:53 1982
feldman $168 62x82 eaten Mon Jan 18 16:42:19 1982
feldman $168 62x82 eaten Mon Jan 18 16:44:44 1982
feldman $167 62x82 eaten Mon Jan 18 16:47:40 1982
feldman $143 62x82 eaten Mon Jan 18 16:49:53 1982
feldman $132 62x82 eaten Mon Jan 18 16:51:55 1982
feldman $96 62x82 eaten Mon Jan 18 16:53:01 1982
feldman $132 62x82 won Mon Jan 18 16:54:52 1982
feldman $136 62x82 eaten Mon Jan 18 16:57:15 1982
feldman $60 62x82 eaten Mon Jan 18 16:58:01 1982
feldman $112 62x82 eaten Mon Jan 18 17:04:21 1982
feldman $50 22x77 eaten Tue Jan 19 12:12:04 1982
feldman $541 22x77 bonus Tue Jan 19 12:15:33 1982
feldman $591 22x77 won Tue Jan 19 12:15:58 1982
ecc $175 22x77 eaten Tue Jan 19 15:25:17 1982
ecc $250 22x77 eaten Tue Jan 19 15:26:38 1982
ecc $500 22x77 eaten Tue Jan 19 15:28:05 1982
jkf $250 22x77 eaten Tue Jan 19 19:54:30 1982
ecc $168 62x82 eaten Thu Jan 21 12:00:30 1982
lou $0 22x77 quit Fri Jan 22 15:15:32 1982
ecc $200 22x77 eaten Fri Jan 22 19:05:38 1982
ecc $75 22x77 eaten Fri Jan 22 19:05:54 1982
ecc $250 22x77 eaten Fri Jan 22 19:06:30 1982
ecc $300 22x77 eaten Fri Jan 22 19:07:34 1982
ecc $150 22x77 eaten Fri Jan 22 19:07:59 1982
terry $876 22x77 won Mon Jan 25 20:11:10 1982
terry $50 22x77 eaten Mon Jan 25 20:13:06 1982
terry $25 22x77 eaten Mon Jan 25 20:13:14 1982
terry $75 22x77 eaten Mon Jan 25 20:13:29 1982
terry $275 22x77 eaten Mon Jan 25 20:14:13 1982
mosher $50 22x77 eaten Mon Jan 25 20:29:50 1982
mosher $25 22x77 eaten Mon Jan 25 20:31:48 1982
mosher $150 22x77 eaten Mon Jan 25 20:33:02 1982
mosher $100 22x77 eaten Mon Jan 25 20:35:46 1982
terry $50 22x77 eaten Mon Jan 25 20:38:42 1982
terry $200 22x77 eaten Mon Jan 25 20:39:15 1982
terry $350 22x77 bonus Mon Jan 25 20:40:36 1982
mosher $125 22x77 eaten Mon Jan 25 20:41:52 1982
terry $661 22x77 eaten Mon Jan 25 20:43:03 1982
mosher $250 22x77 eaten Mon Jan 25 20:46:26 1982
mosher $175 22x77 eaten Mon Jan 25 20:48:48 1982
mosher $125 22x77 eaten Mon Jan 25 20:49:28 1982
mosher $75 22x77 eaten Mon Jan 25 20:50:54 1982
mosher $150 22x77 eaten Mon Jan 25 20:52:31 1982
terry $25 22x77 eaten Sun Jan 31 19:28:57 1982
terry $300 22x77 eaten Sun Jan 31 19:29:52 1982
terry $200 22x77 eaten Sun Jan 31 19:50:45 1982
terry $100 22x77 eaten Sun Jan 31 19:51:10 1982
terry $100 22x77 eaten Sun Jan 31 19:51:37 1982
terry $660 22x77 eaten Sun Jan 31 19:56:10 1982
sequin $200 22x77 eaten Sun Feb  7 17:51:23 1982
sequin $125 22x77 eaten Sun Feb  7 17:54:47 1982
sequin $175 22x77 eaten Sun Feb  7 17:57:48 1982
sequin $100 22x77 eaten Sun Feb  7 17:58:49 1982
sequin $175 22x77 bonus Sun Feb  7 18:01:28 1982
sequin $253 22x77 won Sun Feb  7 18:03:03 1982
sequin $360 22x77 eaten Sun Feb  7 18:17:42 1982
sequin $200 22x77 eaten Sun Feb  7 18:22:25 1982
sequin $399 22x77 eaten Sun Feb  7 18:35:40 1982
fabry $250 22x77 eaten Sun Feb 14 19:15:22 1982
fabry $125 22x77 eaten Sun Feb 14 19:16:59 1982
terry $50 22x77 eaten Sun Feb 21 19:31:34 1982
terry $598 22x77 eaten Sun Feb 21 19:34:50 1982
terry $75 22x77 bonus Sun Feb 21 22:38:03 1982
terry $400 22x77 eaten Sun Feb 21 22:39:09 1982
terry $125 22x77 eaten Sun Feb 21 22:39:24 1982
terry $0 22x77 eaten Sun Feb 21 22:39:34 1982
terry $611 22x77 eaten Sun Feb 21 22:42:22 1982
terry $425 22x77 quit Sun Feb 21 22:43:40 1982
terry $300 22x77 eaten Sun Feb 21 22:45:34 1982
terry $501 22x77 eaten Sun Feb 21 22:48:49 1982
terry $400 22x77 eaten Sat Feb 27 17:01:58 1982
fabry $50 22x77 eaten Sun Feb 28 14:54:41 1982
fabry $50 22x77 eaten Sun Feb 28 14:56:27 1982
fabry $50 22x77 won Sun Feb 28 14:58:38 1982
fabry $0 22x77 won Sun Feb 28 14:59:32 1982
olson $0 22x77 won Thu Mar  4 21:58:11 1982
olson $50 22x77 eaten Thu Mar  4 21:59:25 1982
sequin $50 22x77 eaten Sun Mar 14 18:09:44 1982
sequin $200 22x77 eaten Sun Mar 14 18:24:35 1982
sequin $125 22x77 won Sun Mar 14 18:29:16 1982
sequin $0 22x77 eaten Sun Mar 14 18:31:01 1982
sequin $50 22x77 eaten Sun Mar 14 18:33:27 1982
sequin $25 22x77 won Sun Mar 14 18:34:31 1982
comay $125 22x77 bonus Sat Mar 27 18:06:25 1982
comay $150 22x77 eaten Sat Mar 27 18:06:39 1982
comay $250 22x77 eaten Sat Mar 27 18:07:40 1982
comay $300 22x77 eaten Sat Mar 27 18:09:21 1982
comay $100 22x77 eaten Sat Mar 27 18:09:42 1982
comay $200 22x77 eaten Sat Mar 27 18:10:44 1982
comay $100 22x77 eaten Sat Mar 27 18:12:14 1982
comay $100 22x77 bonus Sat Mar 27 18:12:33 1982
comay $100 22x77 eaten Sat Mar 27 18:12:41 1982
comay $125 22x77 eaten Sat Mar 27 18:13:14 1982
comay $50 22x77 eaten Sat Mar 27 18:13:36 1982
comay $75 22x77 eaten Sat Mar 27 18:13:54 1982
eric $75 22x77 won Sun Mar 28 00:13:11 1982
eric $300 22x77 eaten Sun Mar 28 00:17:31 1982
eric $225 22x77 eaten Sun Mar 28 00:20:20 1982
eric $225 22x77 bonus Sun Mar 28 00:23:25 1982
eric $300 22x77 eaten Sun Mar 28 00:24:24 1982
eric $100 22x77 eaten Sun Mar 28 00:25:57 1982
eric $300 22x77 eaten Sun Mar 28 00:30:12 1982
mckusick $225 22x77 won Sun Mar 28 16:42:24 1982
mckusick $150 22x77 eaten Sun Mar 28 16:44:12 1982
mckusick $50 22x77 won Sun Mar 28 16:44:52 1982
dbcooper $275 22x77 eaten Thu Apr  1 17:35:58 1982
diana $0 22x77 eaten Mon Apr  5 13:52:34 1982
diana $225 22x77 eaten Mon Apr  5 13:55:21 1982
