mckusick $150 22x77 bonus Mon Nov 22 17:25:37 1982
mckusick $300 22x77 eaten Mon Nov 22 17:27:45 1982
mckusick $50 22x77 eaten Mon Nov 22 17:28:03 1982
mckusick $100 22x77 eaten Mon Nov 22 17:29:08 1982
mckusick $75 22x77 eaten Mon Nov 22 17:33:41 1982
mckusick $0 22x77 won Mon Nov 22 18:02:53 1982
mckusick $25 22x77 eaten Mon Nov 22 18:03:16 1982
mckusick $100 22x77 bonus Mon Nov 22 18:04:02 1982
mckusick $125 22x77 eaten Mon Nov 22 18:04:17 1982
mckusick $100 22x77 eaten Mon Nov 22 18:09:54 1982
mckusick $50 22x77 eaten Mon Nov 22 18:15:04 1982
mckusick $25 22x77 eaten Tue Nov 23 12:16:42 1982
mckusick $0 22x77 eaten Tue Nov 23 12:17:50 1982
mckusick $0 22x77 bonus Tue Nov 23 12:23:41 1982
mckusick $0 22x77 eaten Tue Nov 23 12:24:16 1982
mckusick $50 22x77 eaten Tue Nov 23 12:25:51 1982
mckusick $0 22x77 eaten Tue Nov 23 12:55:51 1982
mckusick $0 22x77 bonus Tue Nov 23 12:59:07 1982
mckusick $0 22x77 quit Tue Nov 23 12:59:12 1982
mckusick $0 22x77 eaten Tue Nov 23 13:03:26 1982
mckusick $0 22x77 eaten Tue Nov 23 13:04:03 1982
mckusick $0 22x77 bonus Tue Nov 23 13:05:09 1982
mckusick $0 22x77 eaten Tue Nov 23 13:28:08 1982
mckusick $0 22x77 eaten Tue Nov 23 13:29:21 1982
mckusick $0 22x77 eaten Tue Nov 23 13:30:33 1982
mckusick $0 22x77 eaten Tue Nov 23 16:32:00 1982
mckusick $25 22x77 eaten Tue Nov 23 19:10:02 1982
mckusick $0 22x77 eaten Tue Nov 23 19:13:33 1982
mckusick $25 22x77 eaten Tue Nov 23 19:14:23 1982
mckusick $0 22x77 eaten Tue Nov 23 19:15:01 1982
mckusick $0 22x77 eaten Tue Nov 23 19:15:21 1982
mckusick $0 22x77 eaten Tue Nov 23 19:15:56 1982
mckusick $25 22x77 bonus Tue Nov 23 19:32:15 1982
mckusick $25 22x77 eaten Tue Nov 23 19:32:23 1982
mckusick $100 22x77 eaten Tue Nov 23 20:00:21 1982
mckusick $25 22x77 won Sat Nov 27 12:42:37 1982
sam $125 22x77 eaten Mon Dec 13 21:10:59 1982
