

                                 Constants
    ACTION         Dobj         Iobj        LDESC        Myloc   
      Prep        SDESC        VISIT         Verb        abrad   
     blokd       cutflg       darkbt        debug        dugbt   
    earplg       fedmky        hitbr        killd       kludge   
     movbl        onoff       pfound         pmax       pplace   
    pscore        rarea        ratvl        readl       ropstf   
     rtied       signed        stond       tlakst       tookbt   
     tooky       weight       wellbt        wiped   

                                 Verbs
      BEAM      DRIBBLE      TRACTOR         abra   abracadabra   
       bye        chuck        clean        climb        close   
   consume          cut            d       devour          dig   
   discard         down         drop            e         east   
       eat          end        enter     excavate         exit   
      feed         ford          get         grab        heave   
     hocus         hurl            i           in    inventory   
      jamb            l        leave        light         look   
         n        north          off           on         open   
       out       peruse          pet         play         plug   
     plugh         push          put         quit         read   
    remove      restore            s         save        score   
     shake       shazam         shut         sign        south   
      swim         take        throw          tie         toss   
     touch            u        untie           up            w   
      wade         west         wipe        xyzzy   

                                 Objects
      .ALL          .ME        Tyran   Tyranosaur        amber   
       axe       banana         bear         bowl     bracelet   
     cairn       cheese     clarinet        cobra      coconut   
     coins         comb       cotton        crack    crocodile   
   diamond         ears       elapid     elephant         feet   
      form         gold        grate      hacksaw         hole   
      horn         irm1        irm10        irm11        irm12   
     irm13        irm14        irm15        irm16        irm17   
     irm18        irm19         irm2        irm20        irm21   
     irm22        irm23         irm3         irm4         irm5   
      irm6         irm7         irm8         irm9        ivory   
   lakshmi         lamp      lattice      mammoth         mara   
    monkey         mrm1         mrm2         mrm3         mrm4   
      mrm5         mrm6     necklace    newspaper       nugget   
      oven    pachyderm        paper         peel          pen   
   pendant        plant         pole       poster        prehs   
      prm1        prm10        prm11        prm12        prm13   
     prm14        prm15        prm16        prm17        prm18   
     prm19         prm2        prm20        prm21        prm22   
     prm23         prm3         prm4         prm5         prm6   
      prm7         prm8         prm9      release        rhino   
      ring        river         rope         ruby       rupees   
     sabre          saw        shaft       shovel       skulls   
     smilo     smilodon        snake        spear       spices   
    statue     tandoori        towel        trogl   troglodyte   
    vishnu   

                                 Adjectives

                                 Routines
     LLOOK         LOOK        SLOOK        START        arolg   
    cantdo        cdrop           cg        chetr        claks   
     cmara        ctake        darkq        darkt         di19   
      di22          dm6          dp2         dp23          dp6   
    dumdir         ei20          ei8          em3         ep10   
      ep11          ep5          ep8        exitg       inside   
   irom12a      irom20a       mrom3a        mrom5        nothe   
      np17         np19         objl         objs        onlmp   
     ratng        ratnx        scads        scale        scord   
     skore          sm5         sp12         sp14       tohigh   
     tosml        trgfs        trogf         ui16         ui17   
     weapo         wi12         wi21         wp22   

                                 Messages

                                 Builtins
     $....        $____         $and        $cont        $ddem   
     $dfus        $dobj          $eq        $eqst        $exit   
       $ge      $global          $gt        $gtun         $hit   
     $iobj        $itun       $ldesc          $le        $leng   
     $link         $loc          $lt       $minus        $miss   
     $move        $name          $ne         $not         $num   
       $or        $parm        $pcal         $pct        $plus   
      $pop        $pret        $prop        $push    $quotient   
     $rand        $read   $remainder         $rtn        $rtrn   
      $say        $sdem       $sdesc        $setg        $setp   
     $setv        $sfus        $spec      $substr       $times   
     $verb        $yorn   

                                 Articles

                                 Prepositions
      into   
Symbol table is 4999 bytes long.


361 Symbol table entries.
111 Objects; 366 Routines; 401 Strings.

***** DDL Compilation Complete *****
